<?xml version="1.0" encoding="UTF-8"?>
<!-- Generated by org.testng.reporters.JUnitReportReporter -->
<testsuite hostname="LAPTOP-CIGD4TNM" failures="0" tests="1" name="testNg.VerifyPageTitle" time="0.024" errors="0" timestamp="2022-02-18T18:17:45 GMT-05:00" skipped="0">
  <testcase classname="testNg.VerifyPageTitle" name="verifyTitle" time="0.024"/>
  <system-out/>
</testsuite> <!-- testNg.VerifyPageTitle -->
